<?xml version="1.0" encoding="UTF-8"?>
<!-- Generated by org.testng.reporters.JUnitXMLReporter -->
<testsuite ignored="0" hostname="DESKTOP-0PLJKRS" failures="0" tests="12" name="Default test" time="12.957" errors="0" timestamp="2023-12-29T18:07:21 IST">
  <testcase classname="api.test.DatadrivenTest" name="createbookdata" time="3.609"/>
  <testcase classname="api.test.DatadrivenTest" name="createbookdata" time="0.652"/>
  <testcase classname="api.test.DatadrivenTest" name="createbookdata" time="0.645"/>
  <testcase classname="api.test.DatadrivenTest" name="getsinglebooksdata" time="0.632"/>
  <testcase classname="api.test.DatadrivenTest" name="getsinglebooksdata" time="0.611"/>
  <testcase classname="api.test.DatadrivenTest" name="getsinglebooksdata" time="0.631"/>
  <testcase classname="api.test.DatadrivenTest" name="updateallbooks" time="0.581"/>
  <testcase classname="api.test.DatadrivenTest" name="updateallbooks" time="0.62"/>
  <testcase classname="api.test.DatadrivenTest" name="updateallbooks" time="0.613"/>
  <testcase classname="api.test.DatadrivenTest" name="deleteallbooksdata" time="1.017"/>
  <testcase classname="api.test.DatadrivenTest" name="deleteallbooksdata" time="0.617"/>
  <testcase classname="api.test.DatadrivenTest" name="deleteallbooksdata" time="0.572"/>
</testsuite> <!-- Default test -->
